V2/app/build/intermediates/manifest_merge_blame_file/debug/manifest-merger-blame-debug-report.txt
1<?xml version="1.0" encoding="utf-8"?>
2<manifest xmlns:android="http://schemas.android.com/apk/res/android"
3    package="com.tiago.trackerapp"
4    android:versionCode="1"
5    android:versionName="1.0" >
6
7    <uses-sdk
8        android:minSdkVersion="27"
8-->src\main\AndroidManifest.xml
9        android:targetSdkVersion="33" />
9-->src\main\AndroidManifest.xml
10
11    <uses-permission android:name="android.permission.INTERNET" />
11-->src\main\AndroidManifest.xml:6:5-67
11-->src\main\AndroidManifest.xml:6:22-64
12    <uses-permission android:name="android.permission.ACCESS_NETWORK_STATE" />
12-->src\main\AndroidManifest.xml:7:5-79
12-->src\main\AndroidManifest.xml:7:22-76
13
14    <application
14-->src\main\AndroidManifest.xml:9:5-48:19
15        android:allowBackup="true"
15-->src\main\AndroidManifest.xml:10:9-35
16        android:appComponentFactory="androidx.core.app.CoreComponentFactory"
16-->[androidx.core:core:1.8.0] AndroidManifest.xml:24:18-86
17        android:debuggable="true"
18        android:extractNativeLibs="false"
19        android:icon="@mipmap/ic_launcher"
19-->src\main\AndroidManifest.xml:11:9-43
20        android:label="@string/app_name"
20-->src\main\AndroidManifest.xml:12:9-41
21        android:roundIcon="@mipmap/ic_launcher_round"
21-->src\main\AndroidManifest.xml:13:9-54
22        android:testOnly="true"
23        android:theme="@style/Theme.TrackerApp" >
23-->src\main\AndroidManifest.xml:14:9-48
24        <activity
24-->src\main\AndroidManifest.xml:15:9-23:20
25            android:name="com.tiago.trackerapp.v3.MainMenu"
25-->src\main\AndroidManifest.xml:16:13-40
26            android:exported="true" >
26-->src\main\AndroidManifest.xml:17:13-36
27            <intent-filter>
27-->src\main\AndroidManifest.xml:18:13-22:29
28                <action android:name="android.intent.action.MAIN" />
28-->src\main\AndroidManifest.xml:19:17-69
28-->src\main\AndroidManifest.xml:19:25-66
29
30                <category android:name="android.intent.category.LAUNCHER" />
30-->src\main\AndroidManifest.xml:21:17-77
30-->src\main\AndroidManifest.xml:21:27-74
31            </intent-filter>
32        </activity>
33        <activity android:name="com.tiago.trackerapp.v3.SliderActivity" >
33-->src\main\AndroidManifest.xml:24:9-26:20
33-->src\main\AndroidManifest.xml:25:13-46
34        </activity>
35        <activity android:name="com.tiago.trackerapp.v3.CounterActivity" >
35-->src\main\AndroidManifest.xml:27:9-29:20
35-->src\main\AndroidManifest.xml:28:13-47
36        </activity>
37        <activity android:name="com.tiago.trackerapp.v3.NumericalActivity" >
37-->src\main\AndroidManifest.xml:30:9-32:20
37-->src\main\AndroidManifest.xml:31:13-49
38        </activity>
39        <activity android:name="com.tiago.trackerapp.v3.TextActivity" >
39-->src\main\AndroidManifest.xml:33:9-35:20
39-->src\main\AndroidManifest.xml:34:13-44
40        </activity>
41        <activity
41-->src\main\AndroidManifest.xml:36:9-38:71
42            android:name="com.tiago.trackerapp.PreferenceUtils"
42-->src\main\AndroidManifest.xml:37:13-44
43            android:label="@string/title_activity_preference_utils" />
43-->src\main\AndroidManifest.xml:38:13-68
44        <activity
44-->src\main\AndroidManifest.xml:39:9-41:64
45            android:name="com.tiago.trackerapp.Constants"
45-->src\main\AndroidManifest.xml:40:13-38
46            android:label="@string/title_activity_constants" />
46-->src\main\AndroidManifest.xml:41:13-61
47        <activity
47-->src\main\AndroidManifest.xml:42:9-44:59
48            android:name="com.tiago.trackerapp.Item"
48-->src\main\AndroidManifest.xml:43:13-33
49            android:label="@string/title_activity_item" />
49-->src\main\AndroidManifest.xml:44:13-56
50        <activity
50-->src\main\AndroidManifest.xml:45:9-47:59
51            android:name="com.tiago.trackerapp.Edit"
51-->src\main\AndroidManifest.xml:46:13-33
52            android:label="@string/title_activity_edit" />
52-->src\main\AndroidManifest.xml:47:13-56
53
54        <uses-library
54-->[androidx.window:window:1.0.0] AndroidManifest.xml:25:9-27:40
55            android:name="androidx.window.extensions"
55-->[androidx.window:window:1.0.0] AndroidManifest.xml:26:13-54
56            android:required="false" />
56-->[androidx.window:window:1.0.0] AndroidManifest.xml:27:13-37
57        <uses-library
57-->[androidx.window:window:1.0.0] AndroidManifest.xml:28:9-30:40
58            android:name="androidx.window.sidecar"
58-->[androidx.window:window:1.0.0] AndroidManifest.xml:29:13-51
59            android:required="false" />
59-->[androidx.window:window:1.0.0] AndroidManifest.xml:30:13-37
60
61        <provider
61-->[androidx.emoji2:emoji2:1.0.0] AndroidManifest.xml:26:9-34:20
62            android:name="androidx.startup.InitializationProvider"
62-->[androidx.emoji2:emoji2:1.0.0] AndroidManifest.xml:27:13-67
63            android:authorities="com.tiago.trackerapp.androidx-startup"
63-->[androidx.emoji2:emoji2:1.0.0] AndroidManifest.xml:28:13-68
64            android:exported="false" >
64-->[androidx.emoji2:emoji2:1.0.0] AndroidManifest.xml:29:13-37
65            <meta-data
65-->[androidx.emoji2:emoji2:1.0.0] AndroidManifest.xml:31:13-33:52
66                android:name="androidx.emoji2.text.EmojiCompatInitializer"
66-->[androidx.emoji2:emoji2:1.0.0] AndroidManifest.xml:32:17-75
67                android:value="androidx.startup" />
67-->[androidx.emoji2:emoji2:1.0.0] AndroidManifest.xml:33:17-49
68            <meta-data
68-->[androidx.lifecycle:lifecycle-process:2.4.0] AndroidManifest.xml:31:13-33:52
69                android:name="androidx.lifecycle.ProcessLifecycleInitializer"
69-->[androidx.lifecycle:lifecycle-process:2.4.0] AndroidManifest.xml:32:17-78
70                android:value="androidx.startup" />
70-->[androidx.lifecycle:lifecycle-process:2.4.0] AndroidManifest.xml:33:17-49
71        </provider>
72    </application>
73
74</manifest>